<?xml version="1.0" encoding="UTF-8"?>
<testsuite xmlns:xsi="http://www.w3.org/2001/XMLSchema-instance" xsi:noNamespaceSchemaLocation="https://maven.apache.org/surefire/maven-surefire-plugin/xsd/surefire-test-report.xsd" version="3.0.2" name="com.backend.BackendApplicationTests" time="3.738" tests="1" errors="0" skipped="0" failures="0">
  <properties>
[...]
</properties>
  <testcase name="contextLoads" classname="com.backend.BackendApplicationTests" time="0.303">
    <system-out><![CDATA[23:51:21.819 [main] INFO org.springframework.test.context.support.AnnotationConfigContextLoaderUtils -- Could not detect default configuration classes for test class [com.backend.BackendApplicationTests]: BackendApplicationTests does not declare any static, non-private, non-final, nested classes annotated with @Configuration.
23:51:21.875 [main] INFO org.springframework.boot.test.context.SpringBootTestContextBootstrapper -- Found @SpringBootConfiguration com.backend.BackendApplication for test class com.backend.BackendApplicationTests
23:51:21.947 [main] INFO org.springframework.boot.devtools.restart.RestartApplicationListener -- Restart disabled due to context in which it is running

  .   ____          _            __ _ _
 /\\ / ___'_ __ _ _(_)_ __  __ _ \ \ \ \
( ( )\___ | '_ | '_| | '_ \/ _` | \ \ \ \
 \\/  ___)| |_)| | | | | || (_| |  ) ) ) )
  '  |____| .__|_| |_|_| |_\__, | / / / /
 =========|_|==============|___/=/_/_/_/

 :: Spring Boot ::                (v3.4.0)

2024-12-04T23:51:22.071+07:00  INFO 64679 --- [backend] [           main] com.backend.BackendApplicationTests      : Starting BackendApplicationTests using Java 17.0.10 with PID 64679 (started by mainga in /Users/mainga/Desktop/advanced-web/final-project/backend)
2024-12-04T23:51:22.072+07:00  INFO 64679 --- [backend] [           main] com.backend.BackendApplicationTests      : No active profile set, falling back to 1 default profile: "default"
2024-12-04T23:51:22.433+07:00  INFO 64679 --- [backend] [           main] .s.d.r.c.RepositoryConfigurationDelegate : Bootstrapping Spring Data JPA repositories in DEFAULT mode.
2024-12-04T23:51:22.463+07:00  INFO 64679 --- [backend] [           main] .s.d.r.c.RepositoryConfigurationDelegate : Finished Spring Data repository scanning in 24 ms. Found 3 JPA repository interfaces.
2024-12-04T23:51:22.776+07:00  INFO 64679 --- [backend] [           main] com.zaxxer.hikari.HikariDataSource       : HikariPool-1 - Starting...
2024-12-04T23:51:23.442+07:00  INFO 64679 --- [backend] [           main] com.zaxxer.hikari.pool.HikariPool        : HikariPool-1 - Added connection com.mysql.cj.jdbc.ConnectionImpl@333398f
2024-12-04T23:51:23.445+07:00  INFO 64679 --- [backend] [           main] com.zaxxer.hikari.HikariDataSource       : HikariPool-1 - Start completed.
2024-12-04T23:51:23.497+07:00  INFO 64679 --- [backend] [           main] o.hibernate.jpa.internal.util.LogHelper  : HHH000204: Processing PersistenceUnitInfo [name: default]
2024-12-04T23:51:23.530+07:00  INFO 64679 --- [backend] [           main] org.hibernate.Version                    : HHH000412: Hibernate ORM core version 6.6.2.Final
2024-12-04T23:51:23.547+07:00  INFO 64679 --- [backend] [           main] o.h.c.internal.RegionFactoryInitiator    : HHH000026: Second-level cache disabled
2024-12-04T23:51:23.680+07:00  INFO 64679 --- [backend] [           main] o.s.o.j.p.SpringPersistenceUnitInfo      : No LoadTimeWeaver setup: ignoring JPA class transformer
2024-12-04T23:51:23.818+07:00  WARN 64679 --- [backend] [           main] org.hibernate.orm.deprecation            : HHH90000025: MySQLDialect does not need to be specified explicitly using 'hibernate.dialect' (remove the property setting and it will be selected by default)
2024-12-04T23:51:23.825+07:00  INFO 64679 --- [backend] [           main] org.hibernate.orm.connections.pooling    : HHH10001005: Database info:
	Database JDBC URL [Connecting through datasource 'HikariDataSource (HikariPool-1)']
	Database driver: undefined/unknown
	Database version: 8.0.39
	Autocommit mode: undefined/unknown
	Isolation level: undefined/unknown
	Minimum pool size: undefined/unknown
	Maximum pool size: undefined/unknown
2024-12-04T23:51:24.268+07:00  INFO 64679 --- [backend] [           main] o.h.e.t.j.p.i.JtaPlatformInitiator       : HHH000489: No JTA platform available (set 'hibernate.transaction.jta.platform' to enable JTA platform integration)
2024-12-04T23:51:24.269+07:00  INFO 64679 --- [backend] [           main] j.LocalContainerEntityManagerFactoryBean : Initialized JPA EntityManagerFactory for persistence unit 'default'
2024-12-04T23:51:24.491+07:00  INFO 64679 --- [backend] [           main] com.backend.aspect.LoggerAspect          : PasswordEncoder com.backend.config.ProjectConfigSecurity.passwordEncoder() method execution start
2024-12-04T23:51:24.498+07:00  INFO 64679 --- [backend] [           main] com.backend.aspect.LoggerAspect          : Time took to execute PasswordEncoder com.backend.config.ProjectConfigSecurity.passwordEncoder() method is : 5 ms
2024-12-04T23:51:24.498+07:00  INFO 64679 --- [backend] [           main] com.backend.aspect.LoggerAspect          : PasswordEncoder com.backend.config.ProjectConfigSecurity.passwordEncoder() method execution end
2024-12-04T23:51:24.516+07:00  INFO 64679 --- [backend] [           main] com.backend.aspect.LoggerAspect          : AuthenticationManager com.backend.config.ProjectConfigSecurity.authenticationManager(OwnUserDetailsService,PasswordEncoder) method execution start
2024-12-04T23:51:24.519+07:00  INFO 64679 --- [backend] [           main] com.backend.aspect.LoggerAspect          : Time took to execute AuthenticationManager com.backend.config.ProjectConfigSecurity.authenticationManager(OwnUserDetailsService,PasswordEncoder) method is : 2 ms
2024-12-04T23:51:24.519+07:00  INFO 64679 --- [backend] [           main] com.backend.aspect.LoggerAspect          : AuthenticationManager com.backend.config.ProjectConfigSecurity.authenticationManager(OwnUserDetailsService,PasswordEncoder) method execution end
2024-12-04T23:51:24.541+07:00  INFO 64679 --- [backend] [           main] com.backend.aspect.LoggerAspect          : RestTemplate com.backend.config.ProjectConfigSecurity.restTemplate() method execution start
2024-12-04T23:51:24.549+07:00  INFO 64679 --- [backend] [           main] com.backend.aspect.LoggerAspect          : Time took to execute RestTemplate com.backend.config.ProjectConfigSecurity.restTemplate() method is : 7 ms
2024-12-04T23:51:24.549+07:00  INFO 64679 --- [backend] [           main] com.backend.aspect.LoggerAspect          : RestTemplate com.backend.config.ProjectConfigSecurity.restTemplate() method execution end
2024-12-04T23:51:24.591+07:00  INFO 64679 --- [backend] [           main] com.backend.aspect.LoggerAspect          : WebMvcConfigurer com.backend.config.ProjectConfigSecurity.corsConfigurer() method execution start
2024-12-04T23:51:24.591+07:00  INFO 64679 --- [backend] [           main] com.backend.aspect.LoggerAspect          : Time took to execute WebMvcConfigurer com.backend.config.ProjectConfigSecurity.corsConfigurer() method is : 0 ms
2024-12-04T23:51:24.591+07:00  INFO 64679 --- [backend] [           main] com.backend.aspect.LoggerAspect          : WebMvcConfigurer com.backend.config.ProjectConfigSecurity.corsConfigurer() method execution end
2024-12-04T23:51:24.600+07:00  WARN 64679 --- [backend] [           main] JpaBaseConfiguration$JpaWebConfiguration : spring.jpa.open-in-view is enabled by default. Therefore, database queries may be performed during view rendering. Explicitly configure spring.jpa.open-in-view to disable this warning
2024-12-04T23:51:24.633+07:00  INFO 64679 --- [backend] [           main] r$InitializeUserDetailsManagerConfigurer : Global AuthenticationManager configured with UserDetailsService bean with name ownUserDetailsService
2024-12-04T23:51:24.670+07:00  INFO 64679 --- [backend] [           main] com.backend.aspect.LoggerAspect          : SecurityFilterChain com.backend.config.ProjectConfigSecurity.securityFilterChain(HttpSecurity) method execution start
2024-12-04T23:51:24.706+07:00  INFO 64679 --- [backend] [           main] com.backend.aspect.LoggerAspect          : Time took to execute SecurityFilterChain com.backend.config.ProjectConfigSecurity.securityFilterChain(HttpSecurity) method is : 35 ms
2024-12-04T23:51:24.706+07:00  INFO 64679 --- [backend] [           main] com.backend.aspect.LoggerAspect          : SecurityFilterChain com.backend.config.ProjectConfigSecurity.securityFilterChain(HttpSecurity) method execution end
2024-12-04T23:51:24.832+07:00  INFO 64679 --- [backend] [           main] com.backend.aspect.LoggerAspect          : void com.backend.config.ProjectConfigSecurity$1.addCorsMappings(CorsRegistry) method execution start
2024-12-04T23:51:24.833+07:00  INFO 64679 --- [backend] [           main] com.backend.aspect.LoggerAspect          : Time took to execute void com.backend.config.ProjectConfigSecurity$1.addCorsMappings(CorsRegistry) method is : 0 ms
2024-12-04T23:51:24.833+07:00  INFO 64679 --- [backend] [           main] com.backend.aspect.LoggerAspect          : void com.backend.config.ProjectConfigSecurity$1.addCorsMappings(CorsRegistry) method execution end
2024-12-04T23:51:25.166+07:00  INFO 64679 --- [backend] [           main] com.backend.BackendApplicationTests      : Started BackendApplicationTests in 3.225 seconds (process running for 3.669)
]]></system-out>
  </testcase>
</testsuite>